This is e-pTeX, Version 3.141592653-p3.9.0-210218-2.6 (utf8.sjis) (TeX Live 2021/W32TeX) (preloaded format=platex 2021.8.21)  24 AUG 2021 09:39
entering extended mode
 restricted \write18 enabled.
 file:line:error style messages enabled.
 %&-line parsing enabled.
**c:/Users/a0841/OneDrive/ドキュメント/GitHub/Cambodia-Microfinance/M&A/Untitled-1.tex
(c:/Users/a0841/OneDrive/ドキュメント/GitHub/Cambodia-Microfinance/M&A/Untitled-1.tex
pLaTeX2e <2020-10-01>+2 (based on LaTeX2e <2020-10-01> patch level 4)
L3 programming layer <2021-02-18> (c:/texlive/2021/texmf-dist/tex/platex/base/jreport.cls
Document Class: jreport 2020/09/30 v1.8f Standard pLaTeX class
\c@@paper=\count178
(c:/texlive/2021/texmf-dist/tex/platex/base/jsize12.clo
File: jsize12.clo 2020/09/30 v1.8f Standard pLaTeX file (size option)
)
\c@part=\count179
\c@chapter=\count180
\c@section=\count181
\c@subsection=\count182
\c@subsubsection=\count183
\c@paragraph=\count184
\c@subparagraph=\count185
\c@figure=\count186
\c@table=\count187
\abovecaptionskip=\skip47
\belowcaptionskip=\skip48
\symmincho=\mathgroup4
LaTeX Font Info:    Overwriting symbol font `mincho' in version `bold'
(Font)                  JY1/mc/m/n --> JY1/gt/m/n on input line 704.
\toclineskip=\dimen154
\@lnumwidth=\dimen155
\bibindent=\dimen156
\heisei=\count188
) (c:/texlive/2021/texmf-dist/tex/latex/l3backend/l3backend-dvips.def
File: l3backend-dvips.def 2021-03-18 L3 backend support: dvips
\l__pdf_internal_box=\box64
\g__pdf_backend_object_int=\count189
\l__pdf_backend_content_box=\box65
\l__pdf_backend_model_box=\box66
\g__pdf_backend_annotation_int=\count190
\g__pdf_backend_link_int=\count191
\g__pdf_backend_link_sf_int=\count192
) (./Untitled-1.aux)
\openout1 = `Untitled-1.aux'.

LaTeX Font Info:    Checking defaults for OML/cmm/m/it on input line 5.
LaTeX Font Info:    ... okay on input line 5.
LaTeX Font Info:    Checking defaults for OMS/cmsy/m/n on input line 5.
LaTeX Font Info:    ... okay on input line 5.
LaTeX Font Info:    Checking defaults for OT1/cmr/m/n on input line 5.
LaTeX Font Info:    ... okay on input line 5.
LaTeX Font Info:    Checking defaults for T1/cmr/m/n on input line 5.
LaTeX Font Info:    ... okay on input line 5.
LaTeX Font Info:    Checking defaults for TS1/cmr/m/n on input line 5.
LaTeX Font Info:    ... okay on input line 5.
LaTeX Font Info:    Checking defaults for OMX/cmex/m/n on input line 5.
LaTeX Font Info:    ... okay on input line 5.
LaTeX Font Info:    Checking defaults for U/cmr/m/n on input line 5.
LaTeX Font Info:    ... okay on input line 5.
LaTeX Font Info:    Checking defaults for JY1/mc/m/n on input line 5.
LaTeX Font Info:    ... okay on input line 5.
LaTeX Font Info:    Checking defaults for JT1/mc/m/n on input line 5.
LaTeX Font Info:    ... okay on input line 5.
LaTeX Font Info:    External font `cmex10' loaded for size
(Font)              <20.74> on input line 6.
LaTeX Font Info:    External font `cmex10' loaded for size
(Font)              <14.4> on input line 6.
LaTeX Font Info:    External font `cmex10' loaded for size
(Font)              <12> on input line 6.
LaTeX Font Info:    External font `cmex10' loaded for size
(Font)              <17.28> on input line 6.
 [1

]
第 1 章
LaTeX Font Info:    Font shape `JT1/mc/bx/n' in size <24.88> not available
(Font)              Font shape `JT1/gt/m/n' tried instead on input line 9.
LaTeX Font Info:    Font shape `JY1/mc/bx/n' in size <24.88> not available
(Font)              Font shape `JY1/gt/m/n' tried instead on input line 9.
LaTeX Font Info:    External font `cmex10' loaded for size
(Font)              <24.88> on input line 9.
LaTeX Font Info:    Font shape `JT1/mc/bx/n' in size <20.74> not available
(Font)              Font shape `JT1/gt/m/n' tried instead on input line 9.
LaTeX Font Info:    Font shape `JY1/mc/bx/n' in size <20.74> not available
(Font)              Font shape `JY1/gt/m/n' tried instead on input line 9.
LaTeX Font Info:    Font shape `JT1/mc/bx/n' in size <17.28> not available
(Font)              Font shape `JT1/gt/m/n' tried instead on input line 11.
LaTeX Font Info:    Font shape `JY1/mc/bx/n' in size <17.28> not available
(Font)              Font shape `JY1/gt/m/n' tried instead on input line 11.
LaTeX Font Info:    External font `cmex10' loaded for size
(Font)              <8> on input line 12.
LaTeX Font Info:    External font `cmex10' loaded for size
(Font)              <6> on input line 12.
[1

] [2] (./Untitled-1.aux) ) 
Here is how much of TeX's memory you used:
 533 strings out of 479466
 9002 string characters out of 5873881
 306701 words of memory out of 5000000
 18298 multiletter control sequences out of 15000+600000
 418591 words of font info for 85 fonts, out of 8000000 for 9000
 929 hyphenation exceptions out of 8191
 44i,7n,50p,250b,240s stack positions out of 5000i,500n,10000p,200000b,80000s

Output written on Untitled-1.dvi (3 pages, 4628 bytes).
